2018-10-29 14:00:23.118 INFO  (main) [   ] o.e.j.u.log Logging initialized @3128ms to org.eclipse.jetty.util.log.Slf4jLog
2018-10-29 14:00:23.639 INFO  (main) [   ] o.e.j.s.Server jetty-9.4.10.v20180503; built: 2018-05-03T15:56:21.710Z; git: daa59876e6f384329b122929e70a80934569428c; jvm 1.8.0_73-b02
2018-10-29 14:00:23.709 INFO  (main) [   ] o.e.j.d.p.ScanningAppProvider Deployment monitor [file:///C:/Users/buaat/Desktop/solr/solr-7.4.0/server/contexts/] at interval 0
2018-10-29 14:00:25.148 INFO  (main) [   ] o.e.j.w.StandardDescriptorProcessor NO JSP Support for /solr, did not find org.apache.jasper.servlet.JspServlet
2018-10-29 14:00:25.167 INFO  (main) [   ] o.e.j.s.session DefaultSessionIdManager workerName=node0
2018-10-29 14:00:25.168 INFO  (main) [   ] o.e.j.s.session No SessionScavenger set, using defaults
2018-10-29 14:00:25.170 INFO  (main) [   ] o.e.j.s.session node0 Scavenging every 660000ms
2018-10-29 14:00:25.290 INFO  (main) [   ] o.a.s.u.c.SSLCredentialProviderFactory Processing SSL Credential Provider chain: env;sysprop
2018-10-29 14:00:25.357 INFO  (main) [   ] o.a.s.s.SolrDispatchFilter Using logger factory org.apache.logging.slf4j.Log4jLoggerFactory
2018-10-29 14:00:25.368 INFO  (main) [   ] o.a.s.s.SolrDispatchFilter  ___      _       Welcome to Apache Solr? version 7.4.0
2018-10-29 14:00:25.368 INFO  (main) [   ] o.a.s.s.SolrDispatchFilter / __| ___| |_ _   Starting in standalone mode on port 8984
2018-10-29 14:00:25.369 INFO  (main) [   ] o.a.s.s.SolrDispatchFilter \__ \/ _ \ | '_|  Install dir: C:\Users\buaat\Desktop\solr\solr-7.4.0
2018-10-29 14:00:25.370 INFO  (main) [   ] o.a.s.s.SolrDispatchFilter |___/\___/_|_|    Start time: 2018-10-29T14:00:25.370Z
:::ik:::inform:::::::::::::::::::::::: ik.conf
loading conf files success.
º”‘ÿ¿©’π¥ µ‰£∫ext.dic
º”‘ÿ¿©’πÕ£÷π¥ µ‰£∫stopword.dic
:::ik:::inform:::::::::::::::::::::::: ik.conf
loading conf files success.
:::ik:::inform:::::::::::::::::::::::: ik.conf
:::ik:::inform:::::::::::::::::::::::: ik.conf
